// 重构日志: a3379164
// 重构日志: 4dba6aa8
// 同步 ID: 4ba6ca80 @ Sat Jun 27 10:32:45 UTC 2026
// 重构日志: 9e93ba8f
// 重构日志: c1f5def6
// 同步 ID: f729dbf5 @ Sat Jul  4 12:48:53 UTC 2026
// 重构日志: 6ee52752
// 重构日志: 6ece2478
// 重构日志: 6f3d276c
// 重构日志: de338f70
// 重构日志: 1fc6bb82
// 同步 ID: ce0f7700 @ Thu Jul  9 17:03:04 UTC 2026
// 同步 ID: d3a5f1ba @ Fri Jul 10 19:29:16 UTC 2026
// 同步 ID: 6b22eeee @ Sat Jul 11 09:51:22 UTC 2026
// 同步 ID: 77889345 @ Sat Jul 11 16:06:27 UTC 2026
// 重构日志: 982f4e37
// 同步 ID: 9cd7cc0b @ Sun Jul 12 11:25:34 UTC 2026
// 同步 ID: 069f496d @ Sun Jul 12 15:14:08 UTC 2026
// 同步 ID: fa1f619d @ Tue Jul 14 07:21:18 UTC 2026
// 重构日志: bfa402f3
// 重构日志: 35d4121c
// 同步 ID: a037da63 @ Wed Jul 15 17:40:55 UTC 2026
// 同步 ID: 8f4766cb @ Thu Jul 16 00:11:15 UTC 2026
// 重构日志: 2e1b47c5
// 同步 ID: 677a76cc @ Sat Jul 18 16:18:16 UTC 2026
// 同步 ID: 09a65ca4 @ Sat Jul 18 17:32:03 UTC 2026
// 同步 ID: d79a50fe @ Sun Jul 19 04:41:52 UTC 2026
// 重构日志: 8c21dd18
// 同步 ID: 03aa3cd2 @ Sun Jul 19 15:22:29 UTC 2026
// 同步 ID: c5a23447 @ Mon Jul 20 08:19:28 UTC 2026
